<?xml version="1.0" encoding="UTF-8"?>
<!-- Generated by org.testng.reporters.JUnitReportReporter -->
<testsuite hostname="ENCDAPPUNLT0021" failures="0" tests="1" name="BaseProject.BaseTest" time="7.963" errors="0" timestamp="2025-08-07T20:39:12 IST" skipped="0">
  <testcase classname="BaseProject.BaseTest" name="setUp" time="7.963"/>
</testsuite> <!-- BaseProject.BaseTest -->
