<?xml version="1.0" encoding="UTF-8"?>
<!-- Generated by org.testng.reporters.JUnitReportReporter -->
<testsuite hostname="ENCDAPPUNLT0021" failures="0" tests="1" name="tests.LoginPageTestcases" time="0.750" errors="0" timestamp="2025-08-19T23:01:55 IST" skipped="0">
  <testcase classname="tests.LoginPageTestcases" name="tc001" time="0.750"/>
</testsuite> <!-- tests.LoginPageTestcases -->
