<?xml version="1.0" encoding="UTF-8"?>
<!-- Generated by org.testng.reporters.JUnitReportReporter -->
<testsuite hostname="ENCDAPPUNLT0021" failures="0" tests="1" name="tests.LoginPageTestcases" time="2.479" errors="0" timestamp="2025-08-20T14:07:35 IST" skipped="0">
  <testcase classname="tests.LoginPageTestcases" name="tc001" time="2.479"/>
</testsuite> <!-- tests.LoginPageTestcases -->
